{"/Users/arvi/Repos/courses/frontend-mentor-countries-wiki.git/__mocks__/zustand.ts": {"path":"/Users/arvi/Repos/courses/frontend-mentor-countries-wiki.git/__mocks__/zustand.ts","all":false,"statementMap":{"0":{"start":{"line":1,"column":0},"end":{"line":1,"column":45}},"1":{"start":{"line":2,"column":0},"end":{"line":2,"column":39}},"3":{"start":{"line":4,"column":0},"end":{"line":4,"column":24}},"5":{"start":{"line":6,"column":0},"end":{"line":6,"column":64}},"6":{"start":{"line":7,"column":0},"end":{"line":7,"column":64}},"9":{"start":{"line":10,"column":0},"end":{"line":10,"column":51}},"11":{"start":{"line":12,"column":0},"end":{"line":12,"column":84}},"12":{"start":{"line":13,"column":0},"end":{"line":13,"column":43}},"13":{"start":{"line":14,"column":0},"end":{"line":14,"column":47}},"14":{"start":{"line":15,"column":0},"end":{"line":15,"column":27}},"15":{"start":{"line":16,"column":0},"end":{"line":16,"column":39}},"16":{"start":{"line":17,"column":0},"end":{"line":17,"column":5}},"17":{"start":{"line":18,"column":0},"end":{"line":18,"column":15}},"18":{"start":{"line":19,"column":0},"end":{"line":19,"column":2}},"21":{"start":{"line":22,"column":0},"end":{"line":22,"column":83}},"22":{"start":{"line":23,"column":0},"end":{"line":23,"column":37}},"25":{"start":{"line":26,"column":0},"end":{"line":26,"column":94}},"26":{"start":{"line":27,"column":0},"end":{"line":27,"column":41}},"28":{"start":{"line":29,"column":0},"end":{"line":29,"column":89}},"29":{"start":{"line":30,"column":0},"end":{"line":30,"column":48}},"30":{"start":{"line":31,"column":0},"end":{"line":31,"column":47}},"31":{"start":{"line":32,"column":0},"end":{"line":32,"column":27}},"32":{"start":{"line":33,"column":0},"end":{"line":33,"column":39}},"33":{"start":{"line":34,"column":0},"end":{"line":34,"column":5}},"34":{"start":{"line":35,"column":0},"end":{"line":35,"column":15}},"35":{"start":{"line":36,"column":0},"end":{"line":36,"column":2}},"38":{"start":{"line":39,"column":0},"end":{"line":39,"column":88}},"39":{"start":{"line":40,"column":0},"end":{"line":40,"column":42}},"42":{"start":{"line":43,"column":0},"end":{"line":43,"column":43}},"43":{"start":{"line":44,"column":0},"end":{"line":44,"column":40}},"44":{"start":{"line":45,"column":0},"end":{"line":45,"column":27}},"45":{"start":{"line":46,"column":0},"end":{"line":46,"column":46}},"48":{"start":{"line":49,"column":0},"end":{"line":49,"column":17}},"49":{"start":{"line":50,"column":0},"end":{"line":50,"column":13}},"50":{"start":{"line":51,"column":0},"end":{"line":51,"column":40}},"51":{"start":{"line":52,"column":0},"end":{"line":52,"column":16}},"52":{"start":{"line":53,"column":0},"end":{"line":53,"column":7}},"53":{"start":{"line":54,"column":0},"end":{"line":54,"column":5}},"54":{"start":{"line":55,"column":0},"end":{"line":55,"column":3}}},"s":{"0":1,"1":1,"3":1,"5":1,"6":1,"9":1,"11":1,"12":2,"13":2,"14":2,"15":3,"16":2,"17":2,"18":2,"21":1,"22":2,"25":2,"26":2,"28":1,"29":0,"30":0,"31":0,"32":0,"33":0,"34":0,"35":0,"38":1,"39":0,"42":0,"43":0,"44":0,"45":0,"48":1,"49":3,"50":3,"51":3,"52":3,"53":3,"54":3},"branchMap":{"0":{"type":"branch","line":12,"loc":{"start":{"line":12,"column":24},"end":{"line":19,"column":2}},"locations":[{"start":{"line":12,"column":24},"end":{"line":19,"column":2}}]},"1":{"type":"branch","line":15,"loc":{"start":{"line":15,"column":20},"end":{"line":17,"column":3}},"locations":[{"start":{"line":15,"column":20},"end":{"line":17,"column":3}}]},"2":{"type":"branch","line":22,"loc":{"start":{"line":22,"column":23},"end":{"line":27,"column":41}},"locations":[{"start":{"line":22,"column":23},"end":{"line":27,"column":41}}]},"3":{"type":"branch","line":26,"loc":{"start":{"line":26,"column":74},"end":{"line":26,"column":94}},"locations":[{"start":{"line":26,"column":74},"end":{"line":26,"column":94}}]},"4":{"type":"branch","line":49,"loc":{"start":{"line":49,"column":10},"end":{"line":55,"column":3}},"locations":[{"start":{"line":49,"column":10},"end":{"line":55,"column":3}}]},"5":{"type":"branch","line":50,"loc":{"start":{"line":50,"column":6},"end":{"line":54,"column":3}},"locations":[{"start":{"line":50,"column":6},"end":{"line":54,"column":3}}]},"6":{"type":"branch","line":51,"loc":{"start":{"line":51,"column":26},"end":{"line":53,"column":5}},"locations":[{"start":{"line":51,"column":26},"end":{"line":53,"column":5}}]}},"b":{"0":[2],"1":[3],"2":[2],"3":[0],"4":[3],"5":[3],"6":[3]},"fnMap":{"0":{"name":"createUncurried","decl":{"start":{"line":12,"column":24},"end":{"line":19,"column":2}},"loc":{"start":{"line":12,"column":24},"end":{"line":19,"column":2}},"line":12},"1":{"name":"create","decl":{"start":{"line":22,"column":23},"end":{"line":27,"column":41}},"loc":{"start":{"line":22,"column":23},"end":{"line":27,"column":41}},"line":22},"2":{"name":"createStoreUncurried","decl":{"start":{"line":29,"column":29},"end":{"line":36,"column":2}},"loc":{"start":{"line":29,"column":29},"end":{"line":36,"column":2}},"line":29},"3":{"name":"createStore","decl":{"start":{"line":39,"column":28},"end":{"line":46,"column":46}},"loc":{"start":{"line":39,"column":28},"end":{"line":46,"column":46}},"line":39}},"f":{"0":2,"1":2,"2":0,"3":0}}
,"/Users/arvi/Repos/courses/frontend-mentor-countries-wiki.git/src/App.tsx": {"path":"/Users/arvi/Repos/courses/frontend-mentor-countries-wiki.git/src/App.tsx","all":true,"statementMap":{"0":{"start":{"line":1,"column":0},"end":{"line":1,"column":43}},"2":{"start":{"line":3,"column":0},"end":{"line":3,"column":16}},"3":{"start":{"line":4,"column":0},"end":{"line":4,"column":10}},"4":{"start":{"line":5,"column":0},"end":{"line":5,"column":10}},"5":{"start":{"line":6,"column":0},"end":{"line":6,"column":17}},"6":{"start":{"line":7,"column":0},"end":{"line":7,"column":11}},"8":{"start":{"line":9,"column":0},"end":{"line":9,"column":1}},"10":{"start":{"line":11,"column":0},"end":{"line":11,"column":19}}},"s":{"0":0,"2":0,"3":0,"4":0,"5":0,"6":0,"8":0,"10":0},"branchMap":{"0":{"type":"branch","line":1,"loc":{"start":{"line":1,"column":141},"end":{"line":11,"column":19}},"locations":[{"start":{"line":1,"column":141},"end":{"line":11,"column":19}}]}},"b":{"0":[0]},"fnMap":{"0":{"name":"(empty-report)","decl":{"start":{"line":1,"column":141},"end":{"line":11,"column":19}},"loc":{"start":{"line":1,"column":141},"end":{"line":11,"column":19}},"line":1}},"f":{"0":0}}
,"/Users/arvi/Repos/courses/frontend-mentor-countries-wiki.git/src/main.tsx": {"path":"/Users/arvi/Repos/courses/frontend-mentor-countries-wiki.git/src/main.tsx","all":true,"statementMap":{"0":{"start":{"line":1,"column":0},"end":{"line":1,"column":34}},"1":{"start":{"line":2,"column":0},"end":{"line":2,"column":45}},"2":{"start":{"line":3,"column":0},"end":{"line":3,"column":20}},"3":{"start":{"line":4,"column":0},"end":{"line":4,"column":27}},"5":{"start":{"line":6,"column":0},"end":{"line":6,"column":52}},"6":{"start":{"line":7,"column":0},"end":{"line":7,"column":14}},"7":{"start":{"line":8,"column":0},"end":{"line":8,"column":11}},"8":{"start":{"line":9,"column":0},"end":{"line":9,"column":16}},"9":{"start":{"line":10,"column":0},"end":{"line":10,"column":1}}},"s":{"0":0,"1":0,"2":0,"3":0,"5":0,"6":0,"7":0,"8":0,"9":0},"branchMap":{"0":{"type":"branch","line":1,"loc":{"start":{"line":1,"column":203},"end":{"line":10,"column":-148}},"locations":[{"start":{"line":1,"column":203},"end":{"line":10,"column":-148}}]}},"b":{"0":[0]},"fnMap":{"0":{"name":"(empty-report)","decl":{"start":{"line":1,"column":203},"end":{"line":10,"column":-148}},"loc":{"start":{"line":1,"column":203},"end":{"line":10,"column":-148}},"line":1}},"f":{"0":0}}
,"/Users/arvi/Repos/courses/frontend-mentor-countries-wiki.git/src/components/MenuBar.tsx": {"path":"/Users/arvi/Repos/courses/frontend-mentor-countries-wiki.git/src/components/MenuBar.tsx","all":false,"statementMap":{"0":{"start":{"line":1,"column":0},"end":{"line":1,"column":29}},"1":{"start":{"line":2,"column":0},"end":{"line":2,"column":40}},"3":{"start":{"line":4,"column":0},"end":{"line":4,"column":41}},"4":{"start":{"line":5,"column":0},"end":{"line":5,"column":10}},"5":{"start":{"line":6,"column":0},"end":{"line":6,"column":92}},"6":{"start":{"line":7,"column":0},"end":{"line":7,"column":66}},"7":{"start":{"line":8,"column":0},"end":{"line":8,"column":86}},"8":{"start":{"line":9,"column":0},"end":{"line":9,"column":23}},"9":{"start":{"line":10,"column":0},"end":{"line":10,"column":12}},"10":{"start":{"line":11,"column":0},"end":{"line":11,"column":13}},"12":{"start":{"line":13,"column":0},"end":{"line":13,"column":3}},"14":{"start":{"line":15,"column":0},"end":{"line":15,"column":23}}},"s":{"0":1,"1":1,"3":1,"4":1,"5":1,"6":1,"7":1,"8":1,"9":1,"10":1,"12":1,"14":1},"branchMap":{"0":{"type":"branch","line":4,"loc":{"start":{"line":4,"column":21},"end":{"line":13,"column":3}},"locations":[{"start":{"line":4,"column":21},"end":{"line":13,"column":3}}]}},"b":{"0":[1]},"fnMap":{"0":{"name":"MenuBar2","decl":{"start":{"line":4,"column":21},"end":{"line":13,"column":3}},"loc":{"start":{"line":4,"column":21},"end":{"line":13,"column":3}},"line":4}},"f":{"0":1}}
,"/Users/arvi/Repos/courses/frontend-mentor-countries-wiki.git/src/components/ThemeButton.tsx": {"path":"/Users/arvi/Repos/courses/frontend-mentor-countries-wiki.git/src/components/ThemeButton.tsx","all":false,"statementMap":{"0":{"start":{"line":1,"column":0},"end":{"line":1,"column":48}},"2":{"start":{"line":3,"column":0},"end":{"line":3,"column":39}},"3":{"start":{"line":4,"column":0},"end":{"line":4,"column":48}},"5":{"start":{"line":6,"column":0},"end":{"line":6,"column":10}},"6":{"start":{"line":7,"column":0},"end":{"line":7,"column":11}},"7":{"start":{"line":8,"column":0},"end":{"line":8,"column":104}},"8":{"start":{"line":9,"column":0},"end":{"line":9,"column":27}},"10":{"start":{"line":11,"column":0},"end":{"line":11,"column":10}},"11":{"start":{"line":12,"column":0},"end":{"line":12,"column":42}},"12":{"start":{"line":13,"column":0},"end":{"line":13,"column":19}},"13":{"start":{"line":14,"column":0},"end":{"line":14,"column":27}},"14":{"start":{"line":15,"column":0},"end":{"line":15,"column":25}},"15":{"start":{"line":16,"column":0},"end":{"line":16,"column":29}},"16":{"start":{"line":17,"column":0},"end":{"line":17,"column":37}},"18":{"start":{"line":19,"column":0},"end":{"line":19,"column":13}},"19":{"start":{"line":20,"column":0},"end":{"line":20,"column":31}},"20":{"start":{"line":21,"column":0},"end":{"line":21,"column":32}},"21":{"start":{"line":22,"column":0},"end":{"line":22,"column":194}},"22":{"start":{"line":23,"column":0},"end":{"line":23,"column":10}},"23":{"start":{"line":24,"column":0},"end":{"line":24,"column":12}},"24":{"start":{"line":25,"column":0},"end":{"line":25,"column":41}},"25":{"start":{"line":26,"column":0},"end":{"line":26,"column":13}},"27":{"start":{"line":28,"column":0},"end":{"line":28,"column":1}}},"s":{"0":1,"2":6,"3":6,"5":6,"6":6,"7":6,"8":6,"10":6,"11":6,"12":6,"13":6,"14":6,"15":6,"16":6,"18":6,"19":6,"20":6,"21":6,"22":6,"23":6,"24":6,"25":6,"27":6},"branchMap":{"0":{"type":"branch","line":3,"loc":{"start":{"line":3,"column":0},"end":{"line":28,"column":1}},"locations":[{"start":{"line":3,"column":0},"end":{"line":28,"column":1}}]},"1":{"type":"branch","line":25,"loc":{"start":{"line":25,"column":7},"end":{"line":25,"column":29}},"locations":[{"start":{"line":25,"column":7},"end":{"line":25,"column":29}}]},"2":{"type":"branch","line":25,"loc":{"start":{"line":25,"column":14},"end":{"line":25,"column":41}},"locations":[{"start":{"line":25,"column":14},"end":{"line":25,"column":41}}]}},"b":{"0":[6],"1":[1],"2":[5]},"fnMap":{"0":{"name":"ThemeButton","decl":{"start":{"line":3,"column":0},"end":{"line":28,"column":1}},"loc":{"start":{"line":3,"column":0},"end":{"line":28,"column":1}},"line":3}},"f":{"0":6}}
,"/Users/arvi/Repos/courses/frontend-mentor-countries-wiki.git/src/stores/theme.ts": {"path":"/Users/arvi/Repos/courses/frontend-mentor-countries-wiki.git/src/stores/theme.ts","all":false,"statementMap":{"0":{"start":{"line":1,"column":0},"end":{"line":1,"column":33}},"10":{"start":{"line":11,"column":0},"end":{"line":11,"column":73}},"11":{"start":{"line":12,"column":0},"end":{"line":12,"column":14}},"12":{"start":{"line":13,"column":0},"end":{"line":13,"column":61}},"13":{"start":{"line":14,"column":0},"end":{"line":14,"column":4}}},"s":{"0":1,"10":1,"11":2,"12":2,"13":1},"branchMap":{"0":{"type":"branch","line":11,"loc":{"start":{"line":11,"column":62},"end":{"line":14,"column":2}},"locations":[{"start":{"line":11,"column":62},"end":{"line":14,"column":2}}]},"1":{"type":"branch","line":13,"loc":{"start":{"line":13,"column":15},"end":{"line":13,"column":61}},"locations":[{"start":{"line":13,"column":15},"end":{"line":13,"column":61}}]},"2":{"type":"branch","line":13,"loc":{"start":{"line":13,"column":25},"end":{"line":13,"column":59}},"locations":[{"start":{"line":13,"column":25},"end":{"line":13,"column":59}}]}},"b":{"0":[2],"1":[2],"2":[2]},"fnMap":{"0":{"name":"toggleTheme","decl":{"start":{"line":13,"column":15},"end":{"line":13,"column":61}},"loc":{"start":{"line":13,"column":15},"end":{"line":13,"column":61}},"line":13}},"f":{"0":2}}
}
